<?xml version="1.0" encoding="UTF-8"?>
<!-- Generated by org.testng.reporters.JUnitReportReporter -->
<testsuite hostname="HenTryRAj-PC" name="com.assignment.scriptTest.CompareTwoPriceTest" tests="1" failures="0" timestamp="31 Jan 2020 20:10:25 GMT" time="107.585" errors="0">
  <testcase name="comparePriceOfAmazonTest" time="107.585" classname="com.assignment.scriptTest.CompareTwoPriceTest"/>
</testsuite> <!-- com.assignment.scriptTest.CompareTwoPriceTest -->
