<?xml version="1.0" encoding="UTF-8"?>
<!-- Generated by org.testng.reporters.JUnitReportReporter -->
<testsuite hostname="HenTryRAj-PC" name="com.assignment.scriptTest.CompareTwoPriceTest" tests="1" failures="0" timestamp="4 Feb 2020 16:47:16 GMT" time="82.558" errors="0">
  <testcase name="comparePriceOfAmazonTest" time="82.558" classname="com.assignment.scriptTest.CompareTwoPriceTest"/>
</testsuite> <!-- com.assignment.scriptTest.CompareTwoPriceTest -->
